Analysis & Synthesis report for uart_board
Mon Mar 24 16:40:06 2025
Quartus Prime Version 20.1.0 Build 711 06/05/2020 SJ Lite Edition


---------------------
; Table of Contents ;
---------------------
  1. Legal Notice
  2. Analysis & Synthesis Summary
  3. Analysis & Synthesis Settings
  4. Parallel Compilation
  5. Analysis & Synthesis Source Files Read
  6. Analysis & Synthesis Resource Usage Summary
  7. Analysis & Synthesis Resource Utilization by Entity
  8. State Machine - |uart_board|uart:uart_0|uart_rx:uart_rx_0|rx_state
  9. State Machine - |uart_board|uart:uart_0|uart_tx:uart_tx_0|tx_state
 10. General Register Statistics
 11. Multiplexer Restructuring Statistics (Restructuring Performed)
 12. Parameter Settings for User Entity Instance: uart:uart_0
 13. Parameter Settings for User Entity Instance: uart:uart_0|uart_tx:uart_tx_0
 14. Parameter Settings for User Entity Instance: uart:uart_0|uart_rx:uart_rx_0
 15. Port Connectivity Checks: "uart:uart_0"
 16. Post-Synthesis Netlist Statistics for Top Partition
 17. Elapsed Time Per Partition
 18. Analysis & Synthesis Messages



----------------
; Legal Notice ;
----------------
Copyright (C) 2020  Intel Corporation. All rights reserved.
Your use of Intel Corporation's design tools, logic functions 
and other software and tools, and any partner logic 
functions, and any output files from any of the foregoing 
(including device programming or simulation files), and any 
associated documentation or information are expressly subject 
to the terms and conditions of the Intel Program License 
Subscription Agreement, the Intel Quartus Prime License Agreement,
the Intel FPGA IP License Agreement, or other applicable license
agreement, including, without limitation, that your use is for
the sole purpose of programming logic devices manufactured by
Intel and sold by Intel or its authorized distributors.  Please
refer to the applicable agreement for further details, at
https://fpgasoftware.intel.com/eula.



+-------------------------------------------------------------------------------+
; Analysis & Synthesis Summary                                                  ;
+---------------------------------+---------------------------------------------+
; Analysis & Synthesis Status     ; Successful - Mon Mar 24 16:40:06 2025       ;
; Quartus Prime Version           ; 20.1.0 Build 711 06/05/2020 SJ Lite Edition ;
; Revision Name                   ; uart_board                                  ;
; Top-level Entity Name           ; uart_board                                  ;
; Family                          ; Cyclone V                                   ;
; Logic utilization (in ALMs)     ; N/A                                         ;
; Total registers                 ; 43                                          ;
; Total pins                      ; 23                                          ;
; Total virtual pins              ; 0                                           ;
; Total block memory bits         ; 0                                           ;
; Total DSP Blocks                ; 0                                           ;
; Total HSSI RX PCSs              ; 0                                           ;
; Total HSSI PMA RX Deserializers ; 0                                           ;
; Total HSSI TX PCSs              ; 0                                           ;
; Total HSSI PMA TX Serializers   ; 0                                           ;
; Total PLLs                      ; 0                                           ;
; Total DLLs                      ; 0                                           ;
+---------------------------------+---------------------------------------------+


+---------------------------------------------------------------------------------------------------------------------------+
; Analysis & Synthesis Settings                                                                                             ;
+---------------------------------------------------------------------------------+--------------------+--------------------+
; Option                                                                          ; Setting            ; Default Value      ;
+---------------------------------------------------------------------------------+--------------------+--------------------+
; Device                                                                          ; 5CSXFC6D6F31C6     ;                    ;
; Top-level entity name                                                           ; uart_board         ; uart_board         ;
; Family name                                                                     ; Cyclone V          ; Cyclone V          ;
; Maximum processors allowed for parallel compilation                             ; All                ;                    ;
; Use smart compilation                                                           ; Off                ; Off                ;
; Enable parallel Assembler and Timing Analyzer during compilation                ; On                 ; On                 ;
; Enable compact report table                                                     ; Off                ; Off                ;
; Restructure Multiplexers                                                        ; Auto               ; Auto               ;
; MLAB Add Timing Constraints For Mixed-Port Feed-Through Mode Setting Don't Care ; Off                ; Off                ;
; Create Debugging Nodes for IP Cores                                             ; Off                ; Off                ;
; Preserve fewer node names                                                       ; On                 ; On                 ;
; Intel FPGA IP Evaluation Mode                                                   ; Enable             ; Enable             ;
; Verilog Version                                                                 ; Verilog_2001       ; Verilog_2001       ;
; VHDL Version                                                                    ; VHDL_1993          ; VHDL_1993          ;
; State Machine Processing                                                        ; Auto               ; Auto               ;
; Safe State Machine                                                              ; Off                ; Off                ;
; Extract Verilog State Machines                                                  ; On                 ; On                 ;
; Extract VHDL State Machines                                                     ; On                 ; On                 ;
; Ignore Verilog initial constructs                                               ; Off                ; Off                ;
; Iteration limit for constant Verilog loops                                      ; 5000               ; 5000               ;
; Iteration limit for non-constant Verilog loops                                  ; 250                ; 250                ;
; Add Pass-Through Logic to Inferred RAMs                                         ; On                 ; On                 ;
; Infer RAMs from Raw Logic                                                       ; On                 ; On                 ;
; Parallel Synthesis                                                              ; On                 ; On                 ;
; DSP Block Balancing                                                             ; Auto               ; Auto               ;
; NOT Gate Push-Back                                                              ; On                 ; On                 ;
; Power-Up Don't Care                                                             ; On                 ; On                 ;
; Remove Redundant Logic Cells                                                    ; Off                ; Off                ;
; Remove Duplicate Registers                                                      ; On                 ; On                 ;
; Ignore CARRY Buffers                                                            ; Off                ; Off                ;
; Ignore CASCADE Buffers                                                          ; Off                ; Off                ;
; Ignore GLOBAL Buffers                                                           ; Off                ; Off                ;
; Ignore ROW GLOBAL Buffers                                                       ; Off                ; Off                ;
; Ignore LCELL Buffers                                                            ; Off                ; Off                ;
; Ignore SOFT Buffers                                                             ; On                 ; On                 ;
; Limit AHDL Integers to 32 Bits                                                  ; Off                ; Off                ;
; Optimization Technique                                                          ; Balanced           ; Balanced           ;
; Carry Chain Length                                                              ; 70                 ; 70                 ;
; Auto Carry Chains                                                               ; On                 ; On                 ;
; Auto Open-Drain Pins                                                            ; On                 ; On                 ;
; Perform WYSIWYG Primitive Resynthesis                                           ; Off                ; Off                ;
; Auto ROM Replacement                                                            ; On                 ; On                 ;
; Auto RAM Replacement                                                            ; On                 ; On                 ;
; Auto DSP Block Replacement                                                      ; On                 ; On                 ;
; Auto Shift Register Replacement                                                 ; Auto               ; Auto               ;
; Allow Shift Register Merging across Hierarchies                                 ; Auto               ; Auto               ;
; Auto Clock Enable Replacement                                                   ; On                 ; On                 ;
; Strict RAM Replacement                                                          ; Off                ; Off                ;
; Allow Synchronous Control Signals                                               ; On                 ; On                 ;
; Force Use of Synchronous Clear Signals                                          ; Off                ; Off                ;
; Auto Resource Sharing                                                           ; Off                ; Off                ;
; Allow Any RAM Size For Recognition                                              ; Off                ; Off                ;
; Allow Any ROM Size For Recognition                                              ; Off                ; Off                ;
; Allow Any Shift Register Size For Recognition                                   ; Off                ; Off                ;
; Use LogicLock Constraints during Resource Balancing                             ; On                 ; On                 ;
; Ignore translate_off and synthesis_off directives                               ; Off                ; Off                ;
; Timing-Driven Synthesis                                                         ; On                 ; On                 ;
; Report Parameter Settings                                                       ; On                 ; On                 ;
; Report Source Assignments                                                       ; On                 ; On                 ;
; Report Connectivity Checks                                                      ; On                 ; On                 ;
; Ignore Maximum Fan-Out Assignments                                              ; Off                ; Off                ;
; Synchronization Register Chain Length                                           ; 3                  ; 3                  ;
; Power Optimization During Synthesis                                             ; Normal compilation ; Normal compilation ;
; HDL message level                                                               ; Level2             ; Level2             ;
; Suppress Register Optimization Related Messages                                 ; Off                ; Off                ;
; Number of Removed Registers Reported in Synthesis Report                        ; 5000               ; 5000               ;
; Number of Swept Nodes Reported in Synthesis Report                              ; 5000               ; 5000               ;
; Number of Inverted Registers Reported in Synthesis Report                       ; 100                ; 100                ;
; Clock MUX Protection                                                            ; On                 ; On                 ;
; Auto Gated Clock Conversion                                                     ; Off                ; Off                ;
; Block Design Naming                                                             ; Auto               ; Auto               ;
; SDC constraint protection                                                       ; Off                ; Off                ;
; Synthesis Effort                                                                ; Auto               ; Auto               ;
; Shift Register Replacement - Allow Asynchronous Clear Signal                    ; On                 ; On                 ;
; Pre-Mapping Resynthesis Optimization                                            ; Off                ; Off                ;
; Analysis & Synthesis Message Level                                              ; Medium             ; Medium             ;
; Disable Register Merging Across Hierarchies                                     ; Auto               ; Auto               ;
; Resource Aware Inference For Block RAM                                          ; On                 ; On                 ;
; Automatic Parallel Synthesis                                                    ; On                 ; On                 ;
; Partial Reconfiguration Bitstream ID                                            ; Off                ; Off                ;
+---------------------------------------------------------------------------------+--------------------+--------------------+


+------------------------------------------+
; Parallel Compilation                     ;
+----------------------------+-------------+
; Processors                 ; Number      ;
+----------------------------+-------------+
; Number detected on machine ; 16          ;
; Maximum allowed            ; 16          ;
;                            ;             ;
; Average used               ; 1.00        ;
; Maximum used               ; 16          ;
;                            ;             ;
; Usage by Processor         ; % Time Used ;
;     Processor 1            ; 100.0%      ;
;     Processors 2-16        ;   0.0%      ;
+----------------------------+-------------+


+--------------------------------------------------------------------------------------------------------------------------------------------------------------------------------------------+
; Analysis & Synthesis Source Files Read                                                                                                                                                     ;
+------------------------------------+-----------------+-----------------+---------------------------------------------------------------------------------------------------------+---------+
; File Name with User-Entered Path   ; Used in Netlist ; File Type       ; File Name with Absolute Path                                                                            ; Library ;
+------------------------------------+-----------------+-----------------+---------------------------------------------------------------------------------------------------------+---------+
; ../../../sim/vhdl/TBSSimVals_p.vhd ; yes             ; User VHDL File  ; C:/Simon Dorrer/JKU-Linz/Master/Semester 2/Master-Thesis/FPGA-Design/tbs_core/sim/vhdl/TBSSimVals_p.vhd ;         ;
; ../../rtl/uart_tx_ea.vhd           ; yes             ; User VHDL File  ; C:/Simon Dorrer/JKU-Linz/Master/Semester 2/Master-Thesis/FPGA-Design/tbs_core/uart/rtl/uart_tx_ea.vhd   ;         ;
; ../../rtl/uart_rx_ea.vhd           ; yes             ; User VHDL File  ; C:/Simon Dorrer/JKU-Linz/Master/Semester 2/Master-Thesis/FPGA-Design/tbs_core/uart/rtl/uart_rx_ea.vhd   ;         ;
; ../../rtl/uart_ea.vhd              ; yes             ; User VHDL File  ; C:/Simon Dorrer/JKU-Linz/Master/Semester 2/Master-Thesis/FPGA-Design/tbs_core/uart/rtl/uart_ea.vhd      ;         ;
; ../../rtl/uart_board.vhd           ; yes             ; User VHDL File  ; C:/Simon Dorrer/JKU-Linz/Master/Semester 2/Master-Thesis/FPGA-Design/tbs_core/uart/rtl/uart_board.vhd   ;         ;
+------------------------------------+-----------------+-----------------+---------------------------------------------------------------------------------------------------------+---------+


+-------------------------------------------------------------+
; Analysis & Synthesis Resource Usage Summary                 ;
+---------------------------------------------+---------------+
; Resource                                    ; Usage         ;
+---------------------------------------------+---------------+
; Estimate of Logic utilization (ALMs needed) ; 42            ;
;                                             ;               ;
; Combinational ALUT usage for logic          ; 67            ;
;     -- 7 input functions                    ; 2             ;
;     -- 6 input functions                    ; 14            ;
;     -- 5 input functions                    ; 11            ;
;     -- 4 input functions                    ; 5             ;
;     -- <=3 input functions                  ; 35            ;
;                                             ;               ;
; Dedicated logic registers                   ; 43            ;
;                                             ;               ;
; I/O pins                                    ; 23            ;
;                                             ;               ;
; Total DSP Blocks                            ; 0             ;
;                                             ;               ;
; Maximum fan-out node                        ; clock_i~input ;
; Maximum fan-out                             ; 43            ;
; Total fan-out                               ; 440           ;
; Average fan-out                             ; 2.82          ;
+---------------------------------------------+---------------+


+--------------------------------------------------------------------------------------------------------------------------------------------------------------------------------------------------------------+
; Analysis & Synthesis Resource Utilization by Entity                                                                                                                                                          ;
+----------------------------+---------------------+---------------------------+-------------------+------------+------+--------------+-------------------------------------------+-------------+--------------+
; Compilation Hierarchy Node ; Combinational ALUTs ; Dedicated Logic Registers ; Block Memory Bits ; DSP Blocks ; Pins ; Virtual Pins ; Full Hierarchy Name                       ; Entity Name ; Library Name ;
+----------------------------+---------------------+---------------------------+-------------------+------------+------+--------------+-------------------------------------------+-------------+--------------+
; |uart_board                ; 67 (0)              ; 43 (0)                    ; 0                 ; 0          ; 23   ; 0            ; |uart_board                               ; uart_board  ; work         ;
;    |uart:uart_0|           ; 67 (0)              ; 43 (0)                    ; 0                 ; 0          ; 0    ; 0            ; |uart_board|uart:uart_0                   ; uart        ; work         ;
;       |uart_rx:uart_rx_0|  ; 40 (40)             ; 25 (25)                   ; 0                 ; 0          ; 0    ; 0            ; |uart_board|uart:uart_0|uart_rx:uart_rx_0 ; uart_rx     ; work         ;
;       |uart_tx:uart_tx_0|  ; 27 (27)             ; 18 (18)                   ; 0                 ; 0          ; 0    ; 0            ; |uart_board|uart:uart_0|uart_tx:uart_tx_0 ; uart_tx     ; work         ;
+----------------------------+---------------------+---------------------------+-------------------+------------+------+--------------+-------------------------------------------+-------------+--------------+
Note: For table entries with two numbers listed, the numbers in parentheses indicate the number of resources of the given type used by the specific entity alone. The numbers listed outside of parentheses indicate the total resources of the given type used by the specific entity and all of its sub-entities in the hierarchy.


Encoding Type:  One-Hot
+------------------------------------------------------------------------------------------------+
; State Machine - |uart_board|uart:uart_0|uart_rx:uart_rx_0|rx_state                             ;
+--------------------+------------------+--------------------+-------------------+---------------+
; Name               ; rx_state.STOPBIT ; rx_state.RECEIVING ; rx_state.STARTBIT ; rx_state.IDLE ;
+--------------------+------------------+--------------------+-------------------+---------------+
; rx_state.IDLE      ; 0                ; 0                  ; 0                 ; 0             ;
; rx_state.STARTBIT  ; 0                ; 0                  ; 1                 ; 1             ;
; rx_state.RECEIVING ; 0                ; 1                  ; 0                 ; 1             ;
; rx_state.STOPBIT   ; 1                ; 0                  ; 0                 ; 1             ;
+--------------------+------------------+--------------------+-------------------+---------------+


Encoding Type:  One-Hot
+-------------------------------------------------------------------------------------------------------------------------+
; State Machine - |uart_board|uart:uart_0|uart_tx:uart_tx_0|tx_state                                                      ;
+-----------------------+------------------+-----------------------+-------------------+------------------+---------------+
; Name                  ; tx_state.STOPBIT ; tx_state.TRANSMITTING ; tx_state.STARTBIT ; tx_state.STARTTX ; tx_state.IDLE ;
+-----------------------+------------------+-----------------------+-------------------+------------------+---------------+
; tx_state.IDLE         ; 0                ; 0                     ; 0                 ; 0                ; 0             ;
; tx_state.STARTTX      ; 0                ; 0                     ; 0                 ; 1                ; 1             ;
; tx_state.STARTBIT     ; 0                ; 0                     ; 1                 ; 0                ; 1             ;
; tx_state.TRANSMITTING ; 0                ; 1                     ; 0                 ; 0                ; 1             ;
; tx_state.STOPBIT      ; 1                ; 0                     ; 0                 ; 0                ; 1             ;
+-----------------------+------------------+-----------------------+-------------------+------------------+---------------+


+------------------------------------------------------+
; General Register Statistics                          ;
+----------------------------------------------+-------+
; Statistic                                    ; Value ;
+----------------------------------------------+-------+
; Total registers                              ; 43    ;
; Number of registers using Synchronous Clear  ; 18    ;
; Number of registers using Synchronous Load   ; 0     ;
; Number of registers using Asynchronous Clear ; 43    ;
; Number of registers using Asynchronous Load  ; 0     ;
; Number of registers using Clock Enable       ; 6     ;
; Number of registers using Preset             ; 0     ;
+----------------------------------------------+-------+


+-----------------------------------------------------------------------------------------------------------------------------------------------------------------------------------+
; Multiplexer Restructuring Statistics (Restructuring Performed)                                                                                                                    ;
+--------------------+-----------+---------------+----------------------+------------------------+------------+---------------------------------------------------------------------+
; Multiplexer Inputs ; Bus Width ; Baseline Area ; Area if Restructured ; Saving if Restructured ; Registered ; Example Multiplexer Output                                          ;
+--------------------+-----------+---------------+----------------------+------------------------+------------+---------------------------------------------------------------------+
; 3:1                ; 3 bits    ; 6 LEs         ; 3 LEs                ; 3 LEs                  ; Yes        ; |uart_board|uart:uart_0|uart_tx:uart_tx_0|transmit_counter_value[0] ;
; 3:1                ; 3 bits    ; 6 LEs         ; 3 LEs                ; 3 LEs                  ; Yes        ; |uart_board|uart:uart_0|uart_rx:uart_rx_0|receive_counter_value[1]  ;
; 3:1                ; 9 bits    ; 18 LEs        ; 0 LEs                ; 18 LEs                 ; Yes        ; |uart_board|uart:uart_0|uart_rx:uart_rx_0|baud_counter_value[8]     ;
; 8:1                ; 4 bits    ; 20 LEs        ; 12 LEs               ; 8 LEs                  ; No         ; |uart_board|uart:uart_0|uart_rx:uart_rx_0|Selector0                 ;
+--------------------+-----------+---------------+----------------------+------------------------+------------+---------------------------------------------------------------------+


+----------------------------------------------------------+
; Parameter Settings for User Entity Instance: uart:uart_0 ;
+----------------------------+-------+---------------------+
; Parameter Name             ; Value ; Type                ;
+----------------------------+-------+---------------------+
; uart_baud_counter_bitwidth ; 9     ; Signed Integer      ;
; uart_data_length           ; 8     ; Signed Integer      ;
+----------------------------+-------+---------------------+
Note: In order to hide this table in the UI and the text report file, please set the "Show Parameter Settings in Synthesis Report" option in "Analysis and Synthesis Settings -> More Settings" to "Off".


+----------------------------------------------------------------------------+
; Parameter Settings for User Entity Instance: uart:uart_0|uart_tx:uart_tx_0 ;
+----------------------------+-------+---------------------------------------+
; Parameter Name             ; Value ; Type                                  ;
+----------------------------+-------+---------------------------------------+
; uart_baud_counter_bitwidth ; 9     ; Signed Integer                        ;
; uart_data_length           ; 8     ; Signed Integer                        ;
+----------------------------+-------+---------------------------------------+
Note: In order to hide this table in the UI and the text report file, please set the "Show Parameter Settings in Synthesis Report" option in "Analysis and Synthesis Settings -> More Settings" to "Off".


+----------------------------------------------------------------------------+
; Parameter Settings for User Entity Instance: uart:uart_0|uart_rx:uart_rx_0 ;
+----------------------------+-------+---------------------------------------+
; Parameter Name             ; Value ; Type                                  ;
+----------------------------+-------+---------------------------------------+
; uart_baud_counter_bitwidth ; 9     ; Signed Integer                        ;
; uart_data_length           ; 8     ; Signed Integer                        ;
+----------------------------+-------+---------------------------------------+
Note: In order to hide this table in the UI and the text report file, please set the "Show Parameter Settings in Synthesis Report" option in "Analysis and Synthesis Settings -> More Settings" to "Off".


+--------------------------------------------------------+
; Port Connectivity Checks: "uart:uart_0"                ;
+----------------------+-------+----------+--------------+
; Port                 ; Type  ; Severity ; Details      ;
+----------------------+-------+----------+--------------+
; baudrate_adj_i[8..7] ; Input ; Info     ; Stuck at VCC ;
; baudrate_adj_i[4..1] ; Input ; Info     ; Stuck at GND ;
; baudrate_adj_i[6]    ; Input ; Info     ; Stuck at GND ;
; baudrate_adj_i[5]    ; Input ; Info     ; Stuck at VCC ;
; baudrate_adj_i[0]    ; Input ; Info     ; Stuck at VCC ;
+----------------------+-------+----------+--------------+


+-----------------------------------------------------+
; Post-Synthesis Netlist Statistics for Top Partition ;
+-----------------------+-----------------------------+
; Type                  ; Count                       ;
+-----------------------+-----------------------------+
; arriav_ff             ; 43                          ;
;     CLR               ; 19                          ;
;     CLR SCLR          ; 18                          ;
;     ENA CLR           ; 6                           ;
; arriav_lcell_comb     ; 67                          ;
;     arith             ; 18                          ;
;         1 data inputs ; 18                          ;
;     extend            ; 2                           ;
;         7 data inputs ; 2                           ;
;     normal            ; 47                          ;
;         2 data inputs ; 5                           ;
;         3 data inputs ; 12                          ;
;         4 data inputs ; 5                           ;
;         5 data inputs ; 11                          ;
;         6 data inputs ; 14                          ;
; boundary_port         ; 23                          ;
;                       ;                             ;
; Max LUT depth         ; 3.00                        ;
; Average LUT depth     ; 2.08                        ;
+-----------------------+-----------------------------+


+-------------------------------+
; Elapsed Time Per Partition    ;
+----------------+--------------+
; Partition Name ; Elapsed Time ;
+----------------+--------------+
; Top            ; 00:00:01     ;
+----------------+--------------+


+-------------------------------+
; Analysis & Synthesis Messages ;
+-------------------------------+
Info: *******************************************************************
Info: Running Quartus Prime Analysis & Synthesis
    Info: Version 20.1.0 Build 711 06/05/2020 SJ Lite Edition
    Info: Processing started: Mon Mar 24 16:39:41 2025
Info: Command: quartus_map --read_settings_files=on --write_settings_files=off uart_board -c uart_board
Info (20030): Parallel compilation is enabled and will use 16 of the 16 processors detected
Info (12021): Found 1 design units, including 0 entities, in source file /simon dorrer/jku-linz/master/semester 2/master-thesis/fpga-design/tbs_core/sim/vhdl/tbssimvals_p.vhd
    Info (12022): Found design unit 1: TBSSimVals File: C:/Simon Dorrer/JKU-Linz/Master/Semester 2/Master-Thesis/FPGA-Design/tbs_core/sim/vhdl/TBSSimVals_p.vhd Line: 12
Info (12021): Found 2 design units, including 1 entities, in source file /simon dorrer/jku-linz/master/semester 2/master-thesis/fpga-design/tbs_core/uart/rtl/uart_tx_ea.vhd
    Info (12022): Found design unit 1: uart_tx-rtl File: C:/Simon Dorrer/JKU-Linz/Master/Semester 2/Master-Thesis/FPGA-Design/tbs_core/uart/rtl/uart_tx_ea.vhd Line: 29
    Info (12023): Found entity 1: uart_tx File: C:/Simon Dorrer/JKU-Linz/Master/Semester 2/Master-Thesis/FPGA-Design/tbs_core/uart/rtl/uart_tx_ea.vhd Line: 12
Info (12021): Found 2 design units, including 1 entities, in source file /simon dorrer/jku-linz/master/semester 2/master-thesis/fpga-design/tbs_core/uart/rtl/uart_rx_ea.vhd
    Info (12022): Found design unit 1: uart_rx-rtl File: C:/Simon Dorrer/JKU-Linz/Master/Semester 2/Master-Thesis/FPGA-Design/tbs_core/uart/rtl/uart_rx_ea.vhd Line: 28
    Info (12023): Found entity 1: uart_rx File: C:/Simon Dorrer/JKU-Linz/Master/Semester 2/Master-Thesis/FPGA-Design/tbs_core/uart/rtl/uart_rx_ea.vhd Line: 12
Info (12021): Found 2 design units, including 1 entities, in source file /simon dorrer/jku-linz/master/semester 2/master-thesis/fpga-design/tbs_core/uart/rtl/uart_ea.vhd
    Info (12022): Found design unit 1: uart-rtl File: C:/Simon Dorrer/JKU-Linz/Master/Semester 2/Master-Thesis/FPGA-Design/tbs_core/uart/rtl/uart_ea.vhd Line: 40
    Info (12023): Found entity 1: uart File: C:/Simon Dorrer/JKU-Linz/Master/Semester 2/Master-Thesis/FPGA-Design/tbs_core/uart/rtl/uart_ea.vhd Line: 15
Info (12021): Found 2 design units, including 1 entities, in source file /simon dorrer/jku-linz/master/semester 2/master-thesis/fpga-design/tbs_core/uart/rtl/uart_board.vhd
    Info (12022): Found design unit 1: uart_board-rtl File: C:/Simon Dorrer/JKU-Linz/Master/Semester 2/Master-Thesis/FPGA-Design/tbs_core/uart/rtl/uart_board.vhd Line: 36
    Info (12023): Found entity 1: uart_board File: C:/Simon Dorrer/JKU-Linz/Master/Semester 2/Master-Thesis/FPGA-Design/tbs_core/uart/rtl/uart_board.vhd Line: 16
Info (12127): Elaborating entity "uart_board" for the top level hierarchy
Warning (10540): VHDL Signal Declaration warning at uart_board.vhd(48): used explicit default value for signal "baudrate_adj" because signal was never assigned a value File: C:/Simon Dorrer/JKU-Linz/Master/Semester 2/Master-Thesis/FPGA-Design/tbs_core/uart/rtl/uart_board.vhd Line: 48
Info (12129): Elaborating entity "uart" using architecture "A:rtl" for hierarchy "uart:uart_0" File: C:/Simon Dorrer/JKU-Linz/Master/Semester 2/Master-Thesis/FPGA-Design/tbs_core/uart/rtl/uart_board.vhd Line: 59
Info (12129): Elaborating entity "uart_tx" using architecture "A:rtl" for hierarchy "uart:uart_0|uart_tx:uart_tx_0" File: C:/Simon Dorrer/JKU-Linz/Master/Semester 2/Master-Thesis/FPGA-Design/tbs_core/uart/rtl/uart_ea.vhd Line: 45
Info (12129): Elaborating entity "uart_rx" using architecture "A:rtl" for hierarchy "uart:uart_0|uart_rx:uart_rx_0" File: C:/Simon Dorrer/JKU-Linz/Master/Semester 2/Master-Thesis/FPGA-Design/tbs_core/uart/rtl/uart_ea.vhd Line: 63
Info (286030): Timing-Driven Synthesis is running
Info (16010): Generating hard_block partition "hard_block:auto_generated_inst"
    Info (16011): Adding 0 node(s), including 0 DDIO, 0 PLL, 0 transceiver and 0 LCELL
Info (21057): Implemented 91 device resources after synthesis - the final resource count might be different
    Info (21058): Implemented 12 input pins
    Info (21059): Implemented 11 output pins
    Info (21061): Implemented 68 logic cells
Info: Quartus Prime Analysis & Synthesis was successful. 0 errors, 1 warning
    Info: Peak virtual memory: 4891 megabytes
    Info: Processing ended: Mon Mar 24 16:40:06 2025
    Info: Elapsed time: 00:00:25
    Info: Total CPU time (on all processors): 00:00:49


