┏━━━━━━━━━━━━━━━━━━━━━━┳━━━━━━━━━━┳━━━━━━━━━━┳━━━━━━━━━━┳━━━━━━━━━━┳━━━━━━━━━━━┳━━━━━━━━━━┳━━━━━━━━━━━┳━━━━━━━━━━┳━━━━━━━━━━━┳━━━━━━━━━━┳━━━━━━━━━━━┳━━━━━━━━━━┓
┃                      ┃ Hold     ┃ Reg to   ┃          ┃          ┃ of which  ┃ Setup    ┃           ┃          ┃           ┃ of which ┃           ┃          ┃
┃                      ┃ Worst    ┃ Reg      ┃          ┃ Hold Vio ┃ reg to    ┃ Worst    ┃ Reg to    ┃ Setup    ┃ Setup Vio ┃ reg to   ┃ Max Cap   ┃ Max Slew ┃
┃ Corner/Group         ┃ Slack    ┃ Paths    ┃ Hold TNS ┃ Count    ┃ reg       ┃ Slack    ┃ Reg Paths ┃ TNS      ┃ Count     ┃ reg      ┃ Violatio… ┃ Violati… ┃
┡━━━━━━━━━━━━━━━━━━━━━━╇━━━━━━━━━━╇━━━━━━━━━━╇━━━━━━━━━━╇━━━━━━━━━━╇━━━━━━━━━━━╇━━━━━━━━━━╇━━━━━━━━━━━╇━━━━━━━━━━╇━━━━━━━━━━━╇━━━━━━━━━━╇━━━━━━━━━━━╇━━━━━━━━━━┩
│ Overall              │ 0.3552   │ 0.3552   │ 0.0000   │ 0        │ 0         │ 45.8959  │ 51.1987   │ 0.0000   │ 0         │ 0        │ 0         │ 0        │
│ nom_tt_025C_3v30     │ 0.6959   │ 0.6959   │ 0.0000   │ 0        │ 0         │ 65.6915  │ 89.0146   │ 0.0000   │ 0         │ 0        │ 0         │ 0        │
│ nom_ss_n40C_3v00     │ 1.0242   │ 1.0242   │ 0.0000   │ 0        │ 0         │ 62.0182  │ 74.4328   │ 0.0000   │ 0         │ 0        │ 0         │ 0        │
│ nom_ss_125C_3v00     │ 1.5157   │ 1.5157   │ 0.0000   │ 0        │ 0         │ 46.4074  │ 51.9544   │ 0.0000   │ 0         │ 0        │ 0         │ 0        │
│ nom_ff_n40C_3v60     │ 0.3556   │ 0.3556   │ 0.0000   │ 0        │ 0         │ 69.6887  │ 104.7180  │ 0.0000   │ 0         │ 0        │ 0         │ 0        │
│ nom_ff_125C_3v60     │ 0.5440   │ 0.5440   │ 0.0000   │ 0        │ 0         │ 67.3514  │ 95.5202   │ 0.0000   │ 0         │ 0        │ 0         │ 0        │
│ min_tt_025C_3v30     │ 0.6960   │ 0.6960   │ 0.0000   │ 0        │ 0         │ 65.8055  │ 89.3483   │ 0.0000   │ 0         │ 0        │ 0         │ 0        │
│ min_ss_n40C_3v00     │ 1.0238   │ 1.0238   │ 0.0000   │ 0        │ 0         │ 62.1695  │ 74.8888   │ 0.0000   │ 0         │ 0        │ 0         │ 0        │
│ min_ss_125C_3v00     │ 1.5164   │ 1.5164   │ 0.0000   │ 0        │ 0         │ 46.8397  │ 52.5947   │ 0.0000   │ 0         │ 0        │ 0         │ 0        │
│ min_ff_n40C_3v60     │ 0.3563   │ 0.3563   │ 0.0000   │ 0        │ 0         │ 69.7596  │ 104.9214  │ 0.0000   │ 0         │ 0        │ 0         │ 0        │
│ min_ff_125C_3v60     │ 0.5444   │ 0.5444   │ 0.0000   │ 0        │ 0         │ 67.4482  │ 95.8089   │ 0.0000   │ 0         │ 0        │ 0         │ 0        │
│ max_tt_025C_3v30     │ 0.6950   │ 0.6950   │ 0.0000   │ 0        │ 0         │ 65.5586  │ 88.6201   │ 0.0000   │ 0         │ 0        │ 0         │ 0        │
│ max_ss_n40C_3v00     │ 1.0243   │ 1.0243   │ 0.0000   │ 0        │ 0         │ 61.8452  │ 73.8939   │ 0.0000   │ 0         │ 0        │ 0         │ 0        │
│ max_ss_125C_3v00     │ 1.5138   │ 1.5138   │ 0.0000   │ 0        │ 0         │ 45.8959  │ 51.1987   │ 0.0000   │ 0         │ 0        │ 0         │ 0        │
│ max_ff_n40C_3v60     │ 0.3552   │ 0.3552   │ 0.0000   │ 0        │ 0         │ 69.6055  │ 104.4761  │ 0.0000   │ 0         │ 0        │ 0         │ 0        │
│ max_ff_125C_3v60     │ 0.5438   │ 0.5438   │ 0.0000   │ 0        │ 0         │ 67.2371  │ 95.1769   │ 0.0000   │ 0         │ 0        │ 0         │ 0        │
└──────────────────────┴──────────┴──────────┴──────────┴──────────┴───────────┴──────────┴───────────┴──────────┴───────────┴──────────┴───────────┴──────────┘
